2024-05-27 18:34:01,487 [Worker-1: Loading available Gradle versions] INFO  o.e.b.c.i.u.g.PublishedGradleVersions - Gradle version information cache is up-to-date. Trying to read.
2024-05-27 18:35:12,876 [Worker-22: Importing Maven projects] INFO  o.e.m.c.i.l.LifecycleMappingFactory - Using org.eclipse.m2e.jdt.JarLifecycleMapping lifecycle mapping for MavenProject: com.example:SpringAnnotation:0.0.1-SNAPSHOT @ D:\INTERSHIP JAVA +REACT\JAVA WORKSPACE\SpringBootExtract\SpringAnnotation\SpringAnnotation\pom.xml.
2024-05-27 18:35:13,973 [Worker-22: Importing Maven projects] INFO  o.e.m.j.i.AbstractJavaProjectConfigurator - Adding source folder /SpringAnnotation/src/main/java
2024-05-27 18:35:13,973 [Worker-22: Importing Maven projects] INFO  o.e.m.j.i.AbstractJavaProjectConfigurator - Adding resource folder /SpringAnnotation/src/main/resources
2024-05-27 18:35:13,974 [Worker-22: Importing Maven projects] INFO  o.e.m.j.i.AbstractJavaProjectConfigurator - Adding resource folder /SpringAnnotation/src/main/resources
2024-05-27 18:35:13,974 [Worker-22: Importing Maven projects] INFO  o.e.m.j.i.AbstractJavaProjectConfigurator - Adding source folder /SpringAnnotation/src/test/java
2024-05-27 18:35:14,139 [Worker-22: Importing Maven projects] INFO  o.e.m.c.i.p.ProjectConfigurationManager - Imported and configured 1 project(s) in 4 sec
2024-05-27 18:35:15,383 [Worker-26: Building] INFO  o.a.m.s.f.DefaultMavenResourcesFiltering - Copying 1 resource from src\main\resources to target\classes
2024-05-27 18:35:15,413 [Worker-26: Building] INFO  o.a.m.s.f.DefaultMavenResourcesFiltering - Copying 0 resource from src\main\resources to target\classes
2024-05-27 18:35:15,416 [Worker-26: Building] INFO  o.a.m.s.f.DefaultMavenResourcesFiltering - skip non existing resourceDirectory D:\INTERSHIP JAVA +REACT\JAVA WORKSPACE\SpringBootExtract\SpringAnnotation\SpringAnnotation\src\test\resources
2024-05-27 18:36:56,850 [Worker-19: Building] INFO  o.a.m.s.f.DefaultMavenResourcesFiltering - Copying 1 resource from src\main\resources to target\classes
2024-05-27 18:36:56,859 [Worker-19: Building] INFO  o.a.m.s.f.DefaultMavenResourcesFiltering - Copying 0 resource from src\main\resources to target\classes
2024-05-27 18:36:56,861 [Worker-19: Building] INFO  o.a.m.s.f.DefaultMavenResourcesFiltering - skip non existing resourceDirectory D:\INTERSHIP JAVA +REACT\JAVA WORKSPACE\SpringBootExtract\SpringAnnotation\SpringAnnotation\src\test\resources
2024-05-27 18:38:20,986 [Worker-17: Building] INFO  o.a.m.s.f.DefaultMavenResourcesFiltering - Copying 1 resource from src\main\resources to target\classes
2024-05-27 18:38:20,992 [Worker-17: Building] INFO  o.a.m.s.f.DefaultMavenResourcesFiltering - Copying 0 resource from src\main\resources to target\classes
2024-05-27 18:38:20,994 [Worker-17: Building] INFO  o.a.m.s.f.DefaultMavenResourcesFiltering - skip non existing resourceDirectory D:\INTERSHIP JAVA +REACT\JAVA WORKSPACE\SpringBootExtract\SpringAnnotation\SpringAnnotation\src\test\resources
2024-05-27 18:38:33,412 [Worker-12: Building] INFO  o.a.m.s.f.DefaultMavenResourcesFiltering - Copying 1 resource from src\main\resources to target\classes
2024-05-27 18:38:33,420 [Worker-12: Building] INFO  o.a.m.s.f.DefaultMavenResourcesFiltering - Copying 0 resource from src\main\resources to target\classes
2024-05-27 18:38:33,421 [Worker-12: Building] INFO  o.a.m.s.f.DefaultMavenResourcesFiltering - skip non existing resourceDirectory D:\INTERSHIP JAVA +REACT\JAVA WORKSPACE\SpringBootExtract\SpringAnnotation\SpringAnnotation\src\test\resources
2024-05-27 18:40:58,345 [Worker-27: Building] INFO  o.a.m.s.f.DefaultMavenResourcesFiltering - Copying 1 resource from src\main\resources to target\classes
2024-05-27 18:40:58,351 [Worker-27: Building] INFO  o.a.m.s.f.DefaultMavenResourcesFiltering - Copying 0 resource from src\main\resources to target\classes
2024-05-27 18:40:58,353 [Worker-27: Building] INFO  o.a.m.s.f.DefaultMavenResourcesFiltering - skip non existing resourceDirectory D:\INTERSHIP JAVA +REACT\JAVA WORKSPACE\SpringBootExtract\SpringAnnotation\SpringAnnotation\src\test\resources
2024-05-27 18:41:00,834 [Worker-29: Building] INFO  o.a.m.s.f.DefaultMavenResourcesFiltering - Copying 1 resource from src\main\resources to target\classes
2024-05-27 18:41:00,840 [Worker-29: Building] INFO  o.a.m.s.f.DefaultMavenResourcesFiltering - Copying 0 resource from src\main\resources to target\classes
2024-05-27 18:41:00,842 [Worker-29: Building] INFO  o.a.m.s.f.DefaultMavenResourcesFiltering - skip non existing resourceDirectory D:\INTERSHIP JAVA +REACT\JAVA WORKSPACE\SpringBootExtract\SpringAnnotation\SpringAnnotation\src\test\resources
2024-05-27 18:43:07,747 [Worker-19: Building] INFO  o.a.m.s.f.DefaultMavenResourcesFiltering - Copying 1 resource from src\main\resources to target\classes
2024-05-27 18:43:07,751 [Worker-19: Building] INFO  o.a.m.s.f.DefaultMavenResourcesFiltering - Copying 0 resource from src\main\resources to target\classes
2024-05-27 18:43:07,752 [Worker-19: Building] INFO  o.a.m.s.f.DefaultMavenResourcesFiltering - skip non existing resourceDirectory D:\INTERSHIP JAVA +REACT\JAVA WORKSPACE\SpringBootExtract\SpringAnnotation\SpringAnnotation\src\test\resources
2024-05-27 18:43:20,080 [Worker-20: Building] INFO  o.a.m.s.f.DefaultMavenResourcesFiltering - Copying 1 resource from src\main\resources to target\classes
2024-05-27 18:43:20,085 [Worker-20: Building] INFO  o.a.m.s.f.DefaultMavenResourcesFiltering - Copying 0 resource from src\main\resources to target\classes
2024-05-27 18:43:20,089 [Worker-20: Building] INFO  o.a.m.s.f.DefaultMavenResourcesFiltering - skip non existing resourceDirectory D:\INTERSHIP JAVA +REACT\JAVA WORKSPACE\SpringBootExtract\SpringAnnotation\SpringAnnotation\src\test\resources
2024-05-27 18:43:34,854 [Worker-19: Building] INFO  o.a.m.s.f.DefaultMavenResourcesFiltering - Copying 1 resource from src\main\resources to target\classes
2024-05-27 18:43:34,861 [Worker-19: Building] INFO  o.a.m.s.f.DefaultMavenResourcesFiltering - Copying 0 resource from src\main\resources to target\classes
2024-05-27 18:43:34,862 [Worker-19: Building] INFO  o.a.m.s.f.DefaultMavenResourcesFiltering - skip non existing resourceDirectory D:\INTERSHIP JAVA +REACT\JAVA WORKSPACE\SpringBootExtract\SpringAnnotation\SpringAnnotation\src\test\resources
2024-05-27 18:43:52,244 [Worker-27: Building] INFO  o.a.m.s.f.DefaultMavenResourcesFiltering - Copying 1 resource from src\main\resources to target\classes
2024-05-27 18:43:52,250 [Worker-27: Building] INFO  o.a.m.s.f.DefaultMavenResourcesFiltering - Copying 0 resource from src\main\resources to target\classes
2024-05-27 18:43:52,251 [Worker-27: Building] INFO  o.a.m.s.f.DefaultMavenResourcesFiltering - skip non existing resourceDirectory D:\INTERSHIP JAVA +REACT\JAVA WORKSPACE\SpringBootExtract\SpringAnnotation\SpringAnnotation\src\test\resources
2024-05-27 18:44:06,066 [Worker-18: Building] INFO  o.a.m.s.f.DefaultMavenResourcesFiltering - Copying 1 resource from src\main\resources to target\classes
2024-05-27 18:44:06,072 [Worker-18: Building] INFO  o.a.m.s.f.DefaultMavenResourcesFiltering - Copying 0 resource from src\main\resources to target\classes
2024-05-27 18:44:06,074 [Worker-18: Building] INFO  o.a.m.s.f.DefaultMavenResourcesFiltering - skip non existing resourceDirectory D:\INTERSHIP JAVA +REACT\JAVA WORKSPACE\SpringBootExtract\SpringAnnotation\SpringAnnotation\src\test\resources
2024-05-27 18:44:43,567 [Worker-8: Building] INFO  o.a.m.s.f.DefaultMavenResourcesFiltering - Copying 1 resource from src\main\resources to target\classes
2024-05-27 18:44:43,573 [Worker-8: Building] INFO  o.a.m.s.f.DefaultMavenResourcesFiltering - Copying 0 resource from src\main\resources to target\classes
2024-05-27 18:44:43,574 [Worker-8: Building] INFO  o.a.m.s.f.DefaultMavenResourcesFiltering - skip non existing resourceDirectory D:\INTERSHIP JAVA +REACT\JAVA WORKSPACE\SpringBootExtract\SpringAnnotation\SpringAnnotation\src\test\resources
2024-05-27 19:03:29,962 [Worker-40: Building] INFO  o.a.m.s.f.DefaultMavenResourcesFiltering - Copying 1 resource from src\main\resources to target\classes
2024-05-27 19:03:30,195 [Worker-40: Building] INFO  o.a.m.s.f.DefaultMavenResourcesFiltering - Copying 0 resource from src\main\resources to target\classes
2024-05-27 19:03:30,200 [Worker-40: Building] INFO  o.a.m.s.f.DefaultMavenResourcesFiltering - skip non existing resourceDirectory D:\INTERSHIP JAVA +REACT\JAVA WORKSPACE\SpringBootExtract\SpringAnnotation\SpringAnnotation\src\test\resources
2024-05-27 19:04:20,945 [Worker-39: Building] INFO  o.a.m.s.f.DefaultMavenResourcesFiltering - Copying 1 resource from src\main\resources to target\classes
2024-05-27 19:04:20,978 [Worker-39: Building] INFO  o.a.m.s.f.DefaultMavenResourcesFiltering - Copying 0 resource from src\main\resources to target\classes
2024-05-27 19:04:20,981 [Worker-39: Building] INFO  o.a.m.s.f.DefaultMavenResourcesFiltering - skip non existing resourceDirectory D:\INTERSHIP JAVA +REACT\JAVA WORKSPACE\SpringBootExtract\SpringAnnotation\SpringAnnotation\src\test\resources
2024-05-27 19:09:32,159 [Worker-40: Building] INFO  o.a.m.s.f.DefaultMavenResourcesFiltering - Copying 1 resource from src\main\resources to target\classes
2024-05-27 19:09:32,189 [Worker-40: Building] INFO  o.a.m.s.f.DefaultMavenResourcesFiltering - Copying 0 resource from src\main\resources to target\classes
2024-05-27 19:09:32,190 [Worker-40: Building] INFO  o.a.m.s.f.DefaultMavenResourcesFiltering - skip non existing resourceDirectory D:\INTERSHIP JAVA +REACT\JAVA WORKSPACE\SpringBootExtract\SpringAnnotation\SpringAnnotation\src\test\resources
2024-05-27 19:09:41,350 [Worker-40: Building] INFO  o.a.m.s.f.DefaultMavenResourcesFiltering - Copying 1 resource from src\main\resources to target\classes
2024-05-27 19:09:41,363 [Worker-40: Building] INFO  o.a.m.s.f.DefaultMavenResourcesFiltering - Copying 0 resource from src\main\resources to target\classes
2024-05-27 19:09:41,366 [Worker-40: Building] INFO  o.a.m.s.f.DefaultMavenResourcesFiltering - skip non existing resourceDirectory D:\INTERSHIP JAVA +REACT\JAVA WORKSPACE\SpringBootExtract\SpringAnnotation\SpringAnnotation\src\test\resources
2024-05-27 19:10:46,146 [Worker-43: Building] INFO  o.a.m.s.f.DefaultMavenResourcesFiltering - Copying 1 resource from src\main\resources to target\classes
2024-05-27 19:10:46,168 [Worker-43: Building] INFO  o.a.m.s.f.DefaultMavenResourcesFiltering - Copying 0 resource from src\main\resources to target\classes
2024-05-27 19:10:46,169 [Worker-43: Building] INFO  o.a.m.s.f.DefaultMavenResourcesFiltering - skip non existing resourceDirectory D:\INTERSHIP JAVA +REACT\JAVA WORKSPACE\SpringBootExtract\SpringAnnotation\SpringAnnotation\src\test\resources
2024-05-27 19:10:57,856 [Worker-41: Building] INFO  o.a.m.s.f.DefaultMavenResourcesFiltering - Copying 1 resource from src\main\resources to target\classes
2024-05-27 19:10:57,889 [Worker-41: Building] INFO  o.a.m.s.f.DefaultMavenResourcesFiltering - Copying 0 resource from src\main\resources to target\classes
2024-05-27 19:10:57,891 [Worker-41: Building] INFO  o.a.m.s.f.DefaultMavenResourcesFiltering - skip non existing resourceDirectory D:\INTERSHIP JAVA +REACT\JAVA WORKSPACE\SpringBootExtract\SpringAnnotation\SpringAnnotation\src\test\resources
2024-05-27 19:11:28,675 [Worker-40: Building] INFO  o.a.m.s.f.DefaultMavenResourcesFiltering - Copying 1 resource from src\main\resources to target\classes
2024-05-27 19:11:28,781 [Worker-40: Building] INFO  o.a.m.s.f.DefaultMavenResourcesFiltering - Copying 0 resource from src\main\resources to target\classes
2024-05-27 19:11:28,783 [Worker-40: Building] INFO  o.a.m.s.f.DefaultMavenResourcesFiltering - skip non existing resourceDirectory D:\INTERSHIP JAVA +REACT\JAVA WORKSPACE\SpringBootExtract\SpringAnnotation\SpringAnnotation\src\test\resources
2024-05-27 19:34:23,537 [Worker-42: Building] INFO  o.a.m.s.f.DefaultMavenResourcesFiltering - Copying 1 resource from src\main\resources to target\classes
2024-05-27 19:34:23,658 [Worker-42: Building] INFO  o.a.m.s.f.DefaultMavenResourcesFiltering - Copying 0 resource from src\main\resources to target\classes
2024-05-27 19:34:23,659 [Worker-42: Building] INFO  o.a.m.s.f.DefaultMavenResourcesFiltering - skip non existing resourceDirectory D:\INTERSHIP JAVA +REACT\JAVA WORKSPACE\SpringBootExtract\SpringAnnotation\SpringAnnotation\src\test\resources
2024-05-27 19:36:23,438 [Worker-49: Building] INFO  o.a.m.s.f.DefaultMavenResourcesFiltering - Copying 1 resource from src\main\resources to target\classes
2024-05-27 19:36:23,526 [Worker-49: Building] INFO  o.a.m.s.f.DefaultMavenResourcesFiltering - Copying 0 resource from src\main\resources to target\classes
2024-05-27 19:36:23,528 [Worker-49: Building] INFO  o.a.m.s.f.DefaultMavenResourcesFiltering - skip non existing resourceDirectory D:\INTERSHIP JAVA +REACT\JAVA WORKSPACE\SpringBootExtract\SpringAnnotation\SpringAnnotation\src\test\resources
2024-05-27 19:37:34,538 [Worker-46: Building] INFO  o.a.m.s.f.DefaultMavenResourcesFiltering - Copying 1 resource from src\main\resources to target\classes
2024-05-27 19:37:34,558 [Worker-46: Building] INFO  o.a.m.s.f.DefaultMavenResourcesFiltering - Copying 0 resource from src\main\resources to target\classes
2024-05-27 19:37:34,561 [Worker-46: Building] INFO  o.a.m.s.f.DefaultMavenResourcesFiltering - skip non existing resourceDirectory D:\INTERSHIP JAVA +REACT\JAVA WORKSPACE\SpringBootExtract\SpringAnnotation\SpringAnnotation\src\test\resources
2024-05-27 19:45:10,084 [Worker-52: Building] INFO  o.a.m.s.f.DefaultMavenResourcesFiltering - Copying 1 resource from src\main\resources to target\classes
2024-05-27 19:45:10,124 [Worker-52: Building] INFO  o.a.m.s.f.DefaultMavenResourcesFiltering - Copying 0 resource from src\main\resources to target\classes
2024-05-27 19:45:10,128 [Worker-52: Building] INFO  o.a.m.s.f.DefaultMavenResourcesFiltering - skip non existing resourceDirectory D:\INTERSHIP JAVA +REACT\JAVA WORKSPACE\SpringBootExtract\SpringAnnotation\SpringAnnotation\src\test\resources
2024-05-27 19:52:26,732 [Worker-57: Building] INFO  o.a.m.s.f.DefaultMavenResourcesFiltering - Copying 1 resource from src\main\resources to target\classes
2024-05-27 19:52:26,762 [Worker-57: Building] INFO  o.a.m.s.f.DefaultMavenResourcesFiltering - Copying 0 resource from src\main\resources to target\classes
2024-05-27 19:52:26,764 [Worker-57: Building] INFO  o.a.m.s.f.DefaultMavenResourcesFiltering - skip non existing resourceDirectory D:\INTERSHIP JAVA +REACT\JAVA WORKSPACE\SpringBootExtract\SpringAnnotation\SpringAnnotation\src\test\resources
2024-05-28 15:20:53,919 [Worker-1: Loading available Gradle versions] INFO  o.e.b.c.i.u.g.PublishedGradleVersions - Gradle version information cache is out-of-date. Trying to update.
2024-05-28 15:21:41,463 [Worker-8: Loading available Gradle versions] INFO  o.e.b.c.i.u.g.PublishedGradleVersions - Gradle version information cache is up-to-date. Trying to read.
